2022-11-12 09:13:46 DEBUG root:27 - Program started
2022-11-12 09:13:46 DEBUG root:75 - Importing from 'ListStorage\Camping.txt'
2022-11-12 09:13:46 DEBUG root:75 - Importing from 'ListStorage\Thanksgiving.txt'
2022-11-12 09:14:33 DEBUG root:13 - Invalid input: 3.50asdf
2022-11-12 09:14:38 DEBUG root:13 - Invalid input: adfas
2022-11-12 09:14:38 DEBUG root:13 - Invalid input:
2022-11-12 09:15:32 DEBUG root:13 - Invalid input:
2022-11-12 09:15:55 DEBUG root:18 - Created item 'Frosted Flakes' in list 'Camping'
2022-11-12 09:16:46 DEBUG root:17 - Deleted item 'Frosted Flakes' from list 'Camping'
2022-11-12 09:17:45 DEBUG root:18 - Created item 'Hamburgers' in list 'My New List'
2022-11-12 09:18:56 DEBUG root:75 - Importing from 'ImportExport\Back To School.txt'
2022-11-12 09:19:23 DEBUG root:80 - Program ended
2020-11-16 13:43:09 DEBUG root:27 - Program started
2020-11-16 13:51:34 DEBUG root:27 - Program started
2020-11-16 18:05:27 DEBUG root:27 - Program started
2020-11-17 14:29:10 DEBUG root:27 - Program started
2020-11-17 14:29:59 DEBUG root:20 - Added item Breadto listCamping
2020-11-17 15:52:20 DEBUG root:27 - Program started
2020-11-17 15:55:51 DEBUG root:27 - Program started
2020-11-17 15:56:54 DEBUG root:27 - Program started
2020-11-17 15:57:14 DEBUG root:27 - Program started
2020-11-17 16:04:09 DEBUG root:27 - Program started
2020-11-17 16:07:02 DEBUG root:27 - Program started
2020-11-17 16:07:21 DEBUG root:27 - Program started
2020-11-17 16:07:32 DEBUG root:27 - Program started
2020-11-17 16:08:46 DEBUG root:27 - Program started
2020-11-17 16:10:24 DEBUG root:27 - Program started
2020-11-17 16:10:52 DEBUG root:27 - Program started
2020-11-17 16:11:28 DEBUG root:27 - Program started
2020-11-17 16:13:21 DEBUG root:27 - Program started
2020-11-17 16:31:04 DEBUG root:27 - Program started
2020-11-17 16:31:27 DEBUG root:20 - Added item Breadto listCamping
2020-11-17 16:33:27 DEBUG root:27 - Program started
2020-11-17 16:38:18 DEBUG root:27 - Program started
2020-11-17 16:45:59 DEBUG root:27 - Program started
2020-11-17 16:47:06 DEBUG root:27 - Program started
2020-11-17 16:47:44 DEBUG root:27 - Program started
2020-11-17 16:49:22 DEBUG root:27 - Program started
2020-11-17 16:49:34 DEBUG root:27 - Program started
2020-11-17 16:50:33 DEBUG root:27 - Program started
2020-11-17 16:50:54 DEBUG root:27 - Program started
2020-11-17 16:51:23 DEBUG root:27 - Program started
2020-11-17 16:53:17 DEBUG root:27 - Program started
2020-11-17 16:53:42 DEBUG root:27 - Program started
2020-11-17 16:53:58 DEBUG root:27 - Program started
2020-11-17 16:54:20 DEBUG root:27 - Program started
2020-11-17 16:54:47 DEBUG root:27 - Program started
2020-11-17 16:56:24 DEBUG root:27 - Program started
2020-11-17 16:57:00 DEBUG root:27 - Program started
2020-11-17 16:59:36 DEBUG root:27 - Program started
2020-11-17 17:00:30 DEBUG root:27 - Program started
2020-11-17 17:01:57 DEBUG root:27 - Program started
2020-11-17 17:02:41 DEBUG root:27 - Program started
2020-11-17 17:04:54 DEBUG root:27 - Program started
2020-11-18 22:07:33 DEBUG root:29 - Program started
2020-11-18 22:08:26 DEBUG root:29 - Program started
2020-11-18 22:09:25 DEBUG root:29 - Program started
2020-11-18 22:10:48 DEBUG root:29 - Program started
2020-11-18 22:12:04 DEBUG root:29 - Program started
